Traceback (most recent call last):
  File "/home/vkeller/.local/pipx/venvs/jupyter-book/lib/python3.11/site-packages/jupyter_core/utils/__init__.py", line 154, in wrapped
    asyncio.get_running_loop()
RuntimeError: no running event loop

During handling of the above exception, another exception occurred:

Traceback (most recent call last):
  File "/home/vkeller/.local/pipx/venvs/jupyter-book/lib/python3.11/site-packages/jupyter_cache/executors/utils.py", line 58, in single_nb_execution
    executenb(
  File "/home/vkeller/.local/pipx/venvs/jupyter-book/lib/python3.11/site-packages/nbclient/client.py", line 1319, in execute
    return NotebookClient(nb=nb, resources=resources, km=km, **kwargs).execute()
           ^^^^^^^^^^^^^^^^^^^^^^^^^^^^^^^^^^^^^^^^^^^^^^^^^^^^^^^^^^^^^^^^^^^^^
  File "/home/vkeller/.local/pipx/venvs/jupyter-book/lib/python3.11/site-packages/jupyter_core/utils/__init__.py", line 158, in wrapped
    return loop.run_until_complete(inner)
           ^^^^^^^^^^^^^^^^^^^^^^^^^^^^^^
  File "/usr/lib/python3.11/asyncio/base_events.py", line 653, in run_until_complete
    return future.result()
           ^^^^^^^^^^^^^^^
  File "/home/vkeller/.local/pipx/venvs/jupyter-book/lib/python3.11/site-packages/nbclient/client.py", line 709, in async_execute
    await self.async_execute_cell(
  File "/home/vkeller/.local/pipx/venvs/jupyter-book/lib/python3.11/site-packages/nbclient/client.py", line 1062, in async_execute_cell
    await self._check_raise_for_error(cell, cell_index, exec_reply)
  File "/home/vkeller/.local/pipx/venvs/jupyter-book/lib/python3.11/site-packages/nbclient/client.py", line 918, in _check_raise_for_error
    raise CellExecutionError.from_cell_and_msg(cell, exec_reply_content)
nbclient.exceptions.CellExecutionError: An error occurred while executing the following cell:
------------------
from turtle import *

t = Turtle()
t.pencolor('red')
t.pensize(3)

i = 0
while i < 4:
    t.forward(100)
    t.left(90)
------------------


[31m---------------------------------------------------------------------------[39m
[31mTerminator[39m                                Traceback (most recent call last)
[36mCell[39m[36m [39m[32mIn[1][39m[32m, line 10[39m
[32m      8[39m [38;5;28;01mwhile[39;00m i < [32m4[39m:
[32m      9[39m     t.forward([32m100[39m)
[32m---> [39m[32m10[39m     [43mt[49m[43m.[49m[43mleft[49m[43m([49m[32;43m90[39;49m[43m)[49m

[36mFile [39m[32m/usr/lib/python3.11/turtle.py:1700[39m, in [36mTNavigator.left[39m[34m(self, angle)[39m
[32m   1681[39m [38;5;28;01mdef[39;00m[38;5;250m [39m[34mleft[39m([38;5;28mself[39m, angle):
[32m   1682[39m [38;5;250m    [39m[33;03m"""Turn turtle left by angle units.[39;00m
[32m   1683[39m 
[32m   1684[39m [33;03m    Aliases: left | lt[39;00m
[32m   (...)[39m[32m   1698[39m [33;03m    67.0[39;00m
[32m   1699[39m [33;03m    """[39;00m
[32m-> [39m[32m1700[39m     [38;5;28;43mself[39;49m[43m.[49m[43m_rotate[49m[43m([49m[43mangle[49m[43m)[49m

[36mFile [39m[32m/usr/lib/python3.11/turtle.py:3293[39m, in [36mRawTurtle._rotate[39m[34m(self, angle)[39m
[32m   3291[39m     [38;5;28;01mfor[39;00m _ [38;5;129;01min[39;00m [38;5;28mrange[39m(steps):
[32m   3292[39m         [38;5;28mself[39m._orient = [38;5;28mself[39m._orient.rotate(delta)
[32m-> [39m[32m3293[39m         [38;5;28;43mself[39;49m[43m.[49m[43m_update[49m[43m([49m[43m)[49m
[32m   3294[39m [38;5;28mself[39m._orient = neworient
[32m   3295[39m [38;5;28mself[39m._update()

[36mFile [39m[32m/usr/lib/python3.11/turtle.py:2661[39m, in [36mRawTurtle._update[39m[34m(self)[39m
[32m   2659[39m     [38;5;28;01mreturn[39;00m
[32m   2660[39m [38;5;28;01melif[39;00m screen._tracing == [32m1[39m:
[32m-> [39m[32m2661[39m     [38;5;28;43mself[39;49m[43m.[49m[43m_update_data[49m[43m([49m[43m)[49m
[32m   2662[39m     [38;5;28mself[39m._drawturtle()
[32m   2663[39m     screen._update()                  [38;5;66;03m# TurtleScreenBase[39;00m

[36mFile [39m[32m/usr/lib/python3.11/turtle.py:2647[39m, in [36mRawTurtle._update_data[39m[34m(self)[39m
[32m   2646[39m [38;5;28;01mdef[39;00m[38;5;250m [39m[34m_update_data[39m([38;5;28mself[39m):
[32m-> [39m[32m2647[39m     [38;5;28;43mself[39;49m[43m.[49m[43mscreen[49m[43m.[49m[43m_incrementudc[49m[43m([49m[43m)[49m
[32m   2648[39m     [38;5;28;01mif[39;00m [38;5;28mself[39m.screen._updatecounter != [32m0[39m:
[32m   2649[39m         [38;5;28;01mreturn[39;00m

[36mFile [39m[32m/usr/lib/python3.11/turtle.py:1293[39m, in [36mTurtleScreen._incrementudc[39m[34m(self)[39m
[32m   1291[39m [38;5;28;01mif[39;00m [38;5;129;01mnot[39;00m TurtleScreen._RUNNING:
[32m   1292[39m     TurtleScreen._RUNNING = [38;5;28;01mTrue[39;00m
[32m-> [39m[32m1293[39m     [38;5;28;01mraise[39;00m Terminator
[32m   1294[39m [38;5;28;01mif[39;00m [38;5;28mself[39m._tracing > [32m0[39m:
[32m   1295[39m     [38;5;28mself[39m._updatecounter += [32m1[39m

[31mTerminator[39m: 

